# JRE version: Java(TM) SE Runtime Environment (8.0_291-b10) (build 1.8.0_291-b10)
# Java VM: Java HotSpot(TM) 64-Bit Server VM (25.291-b10 mixed mode linux-amd64 compressed oops)
Heap:
 PSYoungGen      total 3584K, used 3210K [0x000000073b600000, 0x000000073bd00000, 0x00000007c0000000)
  eden space 3072K, 88% used [0x000000073b600000,0x000000073b8aa730,0x000000073b900000)
  from space 512K, 93% used [0x000000073b900000,0x000000073b9783a0,0x000000073b980000)
  to   space 512K, 0% used [0x000000073bc80000,0x000000073bc80000,0x000000073bd00000)
 ParOldGen       total 5632K, used 1886K [0x0000000632200000, 0x0000000632780000, 0x000000073b600000)
  object space 5632K, 33% used [0x0000000632200000,0x00000006323d7b98,0x0000000632780000)
 Metaspace       used 6858K, capacity 7086K, committed 7296K, reserved 1056768K
  class space    used 754K, capacity 807K, committed 896K, reserved 1048576K
GC Heap History (6 events):
Event: 0.063 GC heap before
{Heap before GC invocations=1 (full 0):
 PSYoungGen      total 2048K, used 1536K [0x000000073b600000, 0x000000073b880000, 0x00000007c0000000)
  eden space 1536K, 100% used [0x000000073b600000,0x000000073b780000,0x000000073b780000)
  from space 512K, 0% used [0x000000073b800000,0x000000073b800000,0x000000073b880000)
  to   space 512K, 0% used [0x000000073b780000,0x000000073b780000,0x000000073b800000)
 ParOldGen       total 5632K, used 0K [0x0000000632200000, 0x0000000632780000, 0x000000073b600000)
  object space 5632K, 0% used [0x0000000632200000,0x0000000632200000,0x0000000632780000)
 Metaspace       used 3274K, capacity 4614K, committed 4864K, reserved 1056768K
  class space    used 364K, capacity 386K, committed 512K, reserved 1048576K
Event: 0.067 GC heap after
Heap after GC invocations=1 (full 0):
 PSYoungGen      total 2048K, used 490K [0x000000073b600000, 0x000000073ba00000, 0x00000007c0000000)
  eden space 1536K, 0% used [0x000000073b600000,0x000000073b600000,0x000000073b780000)
  from space 512K, 95% used [0x000000073b780000,0x000000073b7fa960,0x000000073b800000)
  to   space 512K, 0% used [0x000000073b980000,0x000000073b980000,0x000000073ba00000)
 ParOldGen       total 5632K, used 518K [0x0000000632200000, 0x0000000632780000, 0x000000073b600000)
  object space 5632K, 9% used [0x0000000632200000,0x0000000632281ab8,0x0000000632780000)
 Metaspace       used 3274K, capacity 4614K, committed 4864K, reserved 1056768K
  class space    used 364K, capacity 386K, committed 512K, reserved 1048576K
}
Event: 0.140 GC heap before
{Heap before GC invocations=2 (full 0):
 PSYoungGen      total 2048K, used 2026K [0x000000073b600000, 0x000000073ba00000, 0x00000007c0000000)
  eden space 1536K, 100% used [0x000000073b600000,0x000000073b780000,0x000000073b780000)
  from space 512K, 95% used [0x000000073b780000,0x000000073b7fa960,0x000000073b800000)
  to   space 512K, 0% used [0x000000073b980000,0x000000073b980000,0x000000073ba00000)
 ParOldGen       total 5632K, used 518K [0x0000000632200000, 0x0000000632780000, 0x000000073b600000)
  object space 5632K, 9% used [0x0000000632200000,0x0000000632281ab8,0x0000000632780000)
 Metaspace       used 5167K, capacity 5272K, committed 5504K, reserved 1056768K
  class space    used 556K, capacity 588K, committed 640K, reserved 1048576K
Event: 0.143 GC heap after
Heap after GC invocations=2 (full 0):
 PSYoungGen      total 3584K, used 490K [0x000000073b600000, 0x000000073ba00000, 0x00000007c0000000)
  eden space 3072K, 0% used [0x000000073b600000,0x000000073b600000,0x000000073b900000)
  from space 512K, 95% used [0x000000073b980000,0x000000073b9fa960,0x000000073ba00000)
  to   space 512K, 0% used [0x000000073b900000,0x000000073b900000,0x000000073b980000)
 ParOldGen       total 5632K, used 1120K [0x0000000632200000, 0x0000000632780000, 0x000000073b600000)
  object space 5632K, 19% used [0x0000000632200000,0x00000006323180e8,0x0000000632780000)
 Metaspace       used 5167K, capacity 5272K, committed 5504K, reserved 1056768K
  class space    used 556K, capacity 588K, committed 640K, reserved 1048576K
}
Event: 0.178 GC heap before
{Heap before GC invocations=3 (full 0):
 PSYoungGen      total 3584K, used 3562K [0x000000073b600000, 0x000000073ba00000, 0x00000007c0000000)
  eden space 3072K, 100% used [0x000000073b600000,0x000000073b900000,0x000000073b900000)
  from space 512K, 95% used [0x000000073b980000,0x000000073b9fa960,0x000000073ba00000)
  to   space 512K, 0% used [0x000000073b900000,0x000000073b900000,0x000000073b980000)
 ParOldGen       total 5632K, used 1120K [0x0000000632200000, 0x0000000632780000, 0x000000073b600000)
  object space 5632K, 19% used [0x0000000632200000,0x00000006323180e8,0x0000000632780000)
 Metaspace       used 5549K, capacity 5702K, committed 5760K, reserved 1056768K
  class space    used 591K, capacity 596K, committed 640K, reserved 1048576K
Event: 0.179 GC heap after
Heap after GC invocations=3 (full 0):
 PSYoungGen      total 3584K, used 480K [0x000000073b600000, 0x000000073bd00000, 0x00000007c0000000)
  eden space 3072K, 0% used [0x000000073b600000,0x000000073b600000,0x000000073b900000)
  from space 512K, 93% used [0x000000073b900000,0x000000073b9783a0,0x000000073b980000)
  to   space 512K, 0% used [0x000000073bc80000,0x000000073bc80000,0x000000073bd00000)
 ParOldGen       total 5632K, used 1886K [0x0000000632200000, 0x0000000632780000, 0x000000073b600000)
  object space 5632K, 33% used [0x0000000632200000,0x00000006323d7b98,0x0000000632780000)
 Metaspace       used 5549K, capacity 5702K, committed 5760K, reserved 1056768K
  class space    used 591K, capacity 596K, committed 640K, reserved 1048576K
}

